=====================================
时间:2017/7/11 18:06:39
内容:Application_Start：已启动定时计划。
=====================================
=====================================
时间:2017/7/11 18:13:28
内容:Application_Start：已启动定时计划。
=====================================
=====================================
时间:2017/7/11 18:16:27
内容:Application_Start：已启动定时计划。
=====================================
=====================================
时间:2017/7/11 18:22:00
内容:Application_Start：已启动定时计划。
=====================================
=====================================
时间:2017/7/11 18:28:09
内容:Application_Start：已启动定时计划。
=====================================
=====================================
时间:2017/7/11 18:40:57
内容:Application_Start：已启动定时计划。
=====================================
=====================================
时间:2017/7/12 8:00:33
内容:定时器正执行指定任务...
=====================================
=====================================
时间:2017/7/12 8:00:36
内容:任务执行完毕。结果：在从服务器接收结果时发生传输级错误。 (provider: TCP Provider, error: 0 - 信号灯超时时间已到)
=====================================
=====================================
时间:2017/7/12 10:06:12
内容:Application_Start：已启动定时计划。
=====================================
=====================================
时间:2017/7/12 10:08:19
内容:Application_Start：已启动定时计划。
=====================================
=====================================
时间:2017/7/12 10:14:45
内容:Application_Start：已启动定时计划。
=====================================
=====================================
时间:2017/7/12 11:25:37
内容:Application_Start：已启动定时计划。
=====================================
=====================================
时间:2017/7/12 14:45:56
内容:Application_Start：已启动定时计划。
=====================================
=====================================
时间:2017/7/12 14:51:06
内容:Application_Start：已启动定时计划。
=====================================
=====================================
时间:2017/7/12 15:24:56
内容:Application_Start：已启动定时计划。
=====================================
=====================================
时间:2017/7/12 15:31:10
内容:Application_Start：已启动定时计划。
=====================================
=====================================
时间:2017/7/12 15:34:34
内容:Application_Start：已启动定时计划。
=====================================
=====================================
时间:2017/7/12 15:46:26
内容:Application_Start：已启动定时计划。
=====================================
=====================================
时间:2017/7/12 15:51:45
内容:Application_Start：已启动定时计划。
=====================================
=====================================
时间:2017/7/12 15:56:24
内容:Application_Start：已启动定时计划。
=====================================
=====================================
时间:2017/7/12 16:08:07
内容:Application_Start：已启动定时计划。
=====================================
=====================================
时间:2017/7/12 16:21:35
内容:Application_Start：已启动定时计划。
=====================================
